<?xml version="1.0" encoding="UTF-8"?>
<!-- Generated by org.testng.reporters.JUnitReportReporter -->
<testsuite hostname="Nirup-PC" failures="0" tests="1" name="test.AddContacttest" time="13.256" errors="0" timestamp="22 Jul 2019 06:10:26 GMT" skipped="0">
  <testcase classname="test.AddContacttest" name="addcontacttest" time="13.256"/>
</testsuite> <!-- test.AddContacttest -->
