<?xml version="1.0" encoding="UTF-8"?>
<!-- Generated by org.testng.reporters.JUnitReportReporter -->
<testsuite hostname="Nirup-PC" failures="0" tests="1" name="test.LoginTestPage" time="14.231" errors="0" timestamp="15 Aug 2019 00:23:34 GMT" skipped="0">
  <testcase classname="test.LoginTestPage" name="loginTestPage" time="14.231"/>
</testsuite> <!-- test.LoginTestPage -->
