<?xml version="1.0" encoding="UTF-8"?>
<!-- Generated by org.testng.reporters.JUnitReportReporter -->
<testsuite hostname="Nirup-PC" failures="0" tests="1" name="test.AddContacttest" time="21.808" errors="0" timestamp="15 Aug 2019 00:23:34 GMT" skipped="0">
  <testcase classname="test.AddContacttest" name="addcontacttest" time="21.808"/>
</testsuite> <!-- test.AddContacttest -->
