<?xml version="1.0" encoding="UTF-8"?>
<!-- Generated by org.testng.reporters.JUnitReportReporter -->
<testsuite hostname="Nirup-PC" failures="0" tests="1" name="test.LoginTestPage" time="11.442" errors="0" timestamp="22 Jul 2019 06:03:02 GMT" skipped="0">
  <testcase classname="test.LoginTestPage" name="loginTestPage" time="11.442"/>
</testsuite> <!-- test.LoginTestPage -->
