<?xml version="1.0" encoding="UTF-8"?>
<!-- Generated by org.testng.reporters.JUnitReportReporter -->
<testsuite hostname="Nirup-PC" failures="0" tests="1" name="test.Transaction_Test" time="18.664" errors="0" timestamp="22 Jul 2019 07:45:32 GMT" skipped="0">
  <testcase classname="test.Transaction_Test" name="transaction_test" time="18.664"/>
</testsuite> <!-- test.Transaction_Test -->
